<?xml version="1.0" encoding="UTF-8"?>
<testsuite xmlns:xsi="http://www.w3.org/2001/XMLSchema-instance" xsi:noNamespaceSchemaLocation="https://maven.apache.org/surefire/maven-surefire-plugin/xsd/surefire-test-report-3.0.xsd" version="3.0" name="Tests.BorrowRestrictionsTest" time="0.024" tests="8" errors="0" skipped="0" failures="0">
  <properties>
[...]
</properties>
  <testcase name="testBorrowWithUnpaidFines" classname="Tests.BorrowRestrictionsTest" time="0.001"/>
  <testcase name="testBorrowBookSuccess" classname="Tests.BorrowRestrictionsTest" time="0.002"/>
  <testcase name="testBorrowWithInactiveUser" classname="Tests.BorrowRestrictionsTest" time="0.002"/>
  <testcase name="testBorrowWithOverdueBooks" classname="Tests.BorrowRestrictionsTest" time="0.002"/>
  <testcase name="testHasOverdueBooks" classname="Tests.BorrowRestrictionsTest" time="0.002"/>
  <testcase name="testCanUserBorrow" classname="Tests.BorrowRestrictionsTest" time="0.001"/>
  <testcase name="testHasUnpaidFines" classname="Tests.BorrowRestrictionsTest" time="0.002"/>
  <testcase name="testCannotBorrowWithOverdue" classname="Tests.BorrowRestrictionsTest" time="0.001"/>
</testsuite>